<?xml version="1.0" encoding="UTF-8"?>
<!-- Generated by org.testng.reporters.JUnitReportReporter -->
<testsuite hostname="DESKTOP-BSP7K24" name="mID643.fID682.sID887" tests="4" failures="0" timestamp="1 Aug 2023 11:31:02 GMT" time="204.984" errors="0">
  <testcase name="step_1" time="19.453" classname="mID643.fID682.sID887"/>
  <testcase name="step_0" time="15.746" classname="mID643.fID682.sID887"/>
  <testcase name="step_3" time="59.865" classname="mID643.fID682.sID887"/>
  <testcase name="step_2" time="109.920" classname="mID643.fID682.sID887"/>
</testsuite> <!-- mID643.fID682.sID887 -->
