<?xml version="1.0" encoding="UTF-8"?>
<!-- Generated by org.testng.reporters.JUnitReportReporter -->
<testsuite hostname="DESKTOP-BSP7K24" name="mID642.fID681.sID886" tests="7" failures="0" timestamp="1 Aug 2023 06:19:27 GMT" time="124.242" errors="0">
  <testcase name="step_6" time="20.258" classname="mID642.fID681.sID886"/>
  <testcase name="step_4" time="5.376" classname="mID642.fID681.sID886"/>
  <testcase name="step_1" time="14.768" classname="mID642.fID681.sID886"/>
  <testcase name="step_0" time="17.354" classname="mID642.fID681.sID886"/>
  <testcase name="step_3" time="1.146" classname="mID642.fID681.sID886"/>
  <testcase name="step_5" time="62.778" classname="mID642.fID681.sID886"/>
  <testcase name="step_2" time="2.562" classname="mID642.fID681.sID886"/>
</testsuite> <!-- mID642.fID681.sID886 -->
