<?xml version="1.0" encoding="UTF-8"?>
<!-- Generated by org.testng.reporters.JUnitReportReporter -->
<testsuite skipped="0" hostname="Vijayalaxmi-PC" name="com.opal.test.Execution" tests="1" failures="0" timestamp="13 Dec 2018 07:27:46 GMT" time="45.240" errors="0">
  <testcase name="Run" time="45.240" classname="com.opal.test.Execution"/>
</testsuite> <!-- com.opal.test.Execution -->
