<?xml version="1.0" encoding="UTF-8"?>
<testsuite xmlns:xsi="http://www.w3.org/2001/XMLSchema-instance" xsi:noNamespaceSchemaLocation="https://maven.apache.org/surefire/maven-surefire-plugin/xsd/surefire-test-report.xsd" name="TestSuite" time="2.882" tests="4" errors="0" skipped="0" failures="4">
  <properties>
    <property name="sun.desktop" value="windows"/>
    <property name="awt.toolkit" value="sun.awt.windows.WToolkit"/>
    <property name="file.encoding.pkg" value="sun.io"/>
    <property name="java.specification.version" value="1.8"/>
    <property name="sun.cpu.isalist" value="amd64"/>
    <property name="sun.jnu.encoding" value="Cp1252"/>
    <property name="java.class.path" value="E:\zap\backend\uploads\opal\reportpro\reportpl\projectToRun\target\test-classes;E:\zap\backend\uploads\opal\reportpro\reportpl\projectToRun\target\classes;C:\Users\Dell\.m2\repository\org\json\json\20180813\json-20180813.jar;C:\Users\Dell\.m2\repository\com\github\javadev\underscore\1.69\underscore-1.69.jar;C:\Users\Dell\.m2\repository\xpp3\xpp3\1.1.4c\xpp3-1.1.4c.jar;C:\Users\Dell\.m2\repository\commons-io\commons-io\2.6\commons-io-2.6.jar;C:\Users\Dell\.m2\repository\org\seleniumhq\selenium\selenium-java\3.11.0\selenium-java-3.11.0.jar;C:\Users\Dell\.m2\repository\org\seleniumhq\selenium\selenium-api\3.11.0\selenium-api-3.11.0.jar;C:\Users\Dell\.m2\repository\org\seleniumhq\selenium\selenium-chrome-driver\3.11.0\selenium-chrome-driver-3.11.0.jar;C:\Users\Dell\.m2\repository\org\seleniumhq\selenium\selenium-edge-driver\3.11.0\selenium-edge-driver-3.11.0.jar;C:\Users\Dell\.m2\repository\org\seleniumhq\selenium\selenium-firefox-driver\3.11.0\selenium-firefox-driver-3.11.0.jar;C:\Users\Dell\.m2\repository\org\seleniumhq\selenium\selenium-ie-driver\3.11.0\selenium-ie-driver-3.11.0.jar;C:\Users\Dell\.m2\repository\org\seleniumhq\selenium\selenium-opera-driver\3.11.0\selenium-opera-driver-3.11.0.jar;C:\Users\Dell\.m2\repository\org\seleniumhq\selenium\selenium-remote-driver\3.11.0\selenium-remote-driver-3.11.0.jar;C:\Users\Dell\.m2\repository\org\seleniumhq\selenium\selenium-safari-driver\3.11.0\selenium-safari-driver-3.11.0.jar;C:\Users\Dell\.m2\repository\org\seleniumhq\selenium\selenium-support\3.11.0\selenium-support-3.11.0.jar;C:\Users\Dell\.m2\repository\net\bytebuddy\byte-buddy\1.7.9\byte-buddy-1.7.9.jar;C:\Users\Dell\.m2\repository\org\apache\commons\commons-exec\1.3\commons-exec-1.3.jar;C:\Users\Dell\.m2\repository\commons-codec\commons-codec\1.10\commons-codec-1.10.jar;C:\Users\Dell\.m2\repository\commons-logging\commons-logging\1.2\commons-logging-1.2.jar;C:\Users\Dell\.m2\repository\com\google\code\gson\gson\2.8.2\gson-2.8.2.jar;C:\Users\Dell\.m2\repository\com\google\guava\guava\23.6-jre\guava-23.6-jre.jar;C:\Users\Dell\.m2\repository\com\google\code\findbugs\jsr305\1.3.9\jsr305-1.3.9.jar;C:\Users\Dell\.m2\repository\org\checkerframework\checker-compat-qual\2.0.0\checker-compat-qual-2.0.0.jar;C:\Users\Dell\.m2\repository\com\google\errorprone\error_prone_annotations\2.1.3\error_prone_annotations-2.1.3.jar;C:\Users\Dell\.m2\repository\com\google\j2objc\j2objc-annotations\1.1\j2objc-annotations-1.1.jar;C:\Users\Dell\.m2\repository\org\codehaus\mojo\animal-sniffer-annotations\1.14\animal-sniffer-annotations-1.14.jar;C:\Users\Dell\.m2\repository\org\apache\httpcomponents\httpclient\4.5.3\httpclient-4.5.3.jar;C:\Users\Dell\.m2\repository\org\apache\httpcomponents\httpcore\4.4.6\httpcore-4.4.6.jar;C:\Users\Dell\.m2\repository\com\squareup\okhttp3\okhttp\3.9.1\okhttp-3.9.1.jar;C:\Users\Dell\.m2\repository\com\squareup\okio\okio\1.13.0\okio-1.13.0.jar;C:\Users\Dell\.m2\repository\org\testng\testng\6.8\testng-6.8.jar;C:\Users\Dell\.m2\repository\junit\junit\4.10\junit-4.10.jar;C:\Users\Dell\.m2\repository\org\hamcrest\hamcrest-core\1.1\hamcrest-core-1.1.jar;C:\Users\Dell\.m2\repository\org\beanshell\bsh\2.0b4\bsh-2.0b4.jar;C:\Users\Dell\.m2\repository\com\beust\jcommander\1.27\jcommander-1.27.jar;C:\Users\Dell\.m2\repository\org\yaml\snakeyaml\1.6\snakeyaml-1.6.jar;C:\Users\Dell\.m2\repository\org\seleniumhq\selenium\selenium-server\3.141.59\selenium-server-3.141.59.jar;C:\Users\Dell\.m2\repository\net\jcip\jcip-annotations\1.0\jcip-annotations-1.0.jar;C:\Users\Dell\.m2\repository\org\seleniumhq\selenium\jetty-repacked\9.4.12.v20180830\jetty-repacked-9.4.12.v20180830.jar;C:\Users\Dell\.m2\repository\javax\servlet\javax.servlet-api\3.1.0\javax.servlet-api-3.1.0.jar;C:\Users\Dell\.m2\repository\org\zaproxy\zap-clientapi\1.11.0\zap-clientapi-1.11.0.jar;C:\Users\Dell\.m2\repository\com\googlecode\json-simple\json-simple\1.1.1\json-simple-1.1.1.jar;C:\Users\Dell\.m2\repository\org\mongodb\mongodb-driver-sync\4.2.3\mongodb-driver-sync-4.2.3.jar;C:\Users\Dell\.m2\repository\org\mongodb\bson\4.2.3\bson-4.2.3.jar;C:\Users\Dell\.m2\repository\org\mongodb\mongodb-driver-core\4.2.3\mongodb-driver-core-4.2.3.jar;C:\Users\Dell\.m2\repository\com\relevantcodes\extentreports\2.41.2\extentreports-2.41.2.jar;C:\Users\Dell\.m2\repository\org\jsoup\jsoup\1.8.3\jsoup-1.8.3.jar;C:\Users\Dell\.m2\repository\org\xerial\sqlite-jdbc\3.8.11.1\sqlite-jdbc-3.8.11.1.jar;C:\Users\Dell\.m2\repository\org\freemarker\freemarker\2.3.23\freemarker-2.3.23.jar;C:\Users\Dell\.m2\repository\org\mongodb\mongodb-driver\3.0.4\mongodb-driver-3.0.4.jar;C:\Users\Dell\.m2\repository\org\jdom\jdom\2.0.2\jdom-2.0.2.jar;C:\Users\Dell\.m2\repository\org\glassfish\jersey\media\jersey-media-moxy\2.22\jersey-media-moxy-2.22.jar;C:\Users\Dell\.m2\repository\org\glassfish\jersey\core\jersey-common\2.22\jersey-common-2.22.jar;C:\Users\Dell\.m2\repository\javax\ws\rs\javax.ws.rs-api\2.0.1\javax.ws.rs-api-2.0.1.jar;C:\Users\Dell\.m2\repository\javax\annotation\javax.annotation-api\1.2\javax.annotation-api-1.2.jar;C:\Users\Dell\.m2\repository\org\glassfish\jersey\bundles\repackaged\jersey-guava\2.22\jersey-guava-2.22.jar;C:\Users\Dell\.m2\repository\org\glassfish\hk2\hk2-api\2.4.0-b31\hk2-api-2.4.0-b31.jar;C:\Users\Dell\.m2\repository\org\glassfish\hk2\hk2-utils\2.4.0-b31\hk2-utils-2.4.0-b31.jar;C:\Users\Dell\.m2\repository\org\glassfish\hk2\external\aopalliance-repackaged\2.4.0-b31\aopalliance-repackaged-2.4.0-b31.jar;C:\Users\Dell\.m2\repository\org\glassfish\hk2\external\javax.inject\2.4.0-b31\javax.inject-2.4.0-b31.jar;C:\Users\Dell\.m2\repository\org\glassfish\hk2\hk2-locator\2.4.0-b31\hk2-locator-2.4.0-b31.jar;C:\Users\Dell\.m2\repository\org\javassist\javassist\3.18.1-GA\javassist-3.18.1-GA.jar;C:\Users\Dell\.m2\repository\org\glassfish\hk2\osgi-resource-locator\1.0.1\osgi-resource-locator-1.0.1.jar;C:\Users\Dell\.m2\repository\org\glassfish\jersey\ext\jersey-entity-filtering\2.22\jersey-entity-filtering-2.22.jar;C:\Users\Dell\.m2\repository\org\eclipse\persistence\org.eclipse.persistence.moxy\2.6.0\org.eclipse.persistence.moxy-2.6.0.jar;C:\Users\Dell\.m2\repository\org\eclipse\persistence\org.eclipse.persistence.core\2.6.0\org.eclipse.persistence.core-2.6.0.jar;C:\Users\Dell\.m2\repository\org\eclipse\persistence\org.eclipse.persistence.asm\2.6.0\org.eclipse.persistence.asm-2.6.0.jar;C:\Users\Dell\.m2\repository\javax\validation\validation-api\1.1.0.Final\validation-api-1.1.0.Final.jar;C:\Users\Dell\.m2\repository\org\glassfish\javax.json\1.0.4\javax.json-1.0.4.jar;C:\Users\Dell\.m2\repository\org\apache\poi\poi-ooxml\3.9\poi-ooxml-3.9.jar;C:\Users\Dell\.m2\repository\org\apache\poi\poi\3.9\poi-3.9.jar;C:\Users\Dell\.m2\repository\org\apache\poi\poi-ooxml-schemas\3.9\poi-ooxml-schemas-3.9.jar;C:\Users\Dell\.m2\repository\org\apache\xmlbeans\xmlbeans\2.3.0\xmlbeans-2.3.0.jar;C:\Users\Dell\.m2\repository\stax\stax-api\1.0.1\stax-api-1.0.1.jar;C:\Users\Dell\.m2\repository\dom4j\dom4j\1.6.1\dom4j-1.6.1.jar;C:\Users\Dell\.m2\repository\xml-apis\xml-apis\1.0.b2\xml-apis-1.0.b2.jar;C:\Users\Dell\.m2\repository\uk\co\caprica\vlcj\3.10.1\vlcj-3.10.1.jar;C:\Users\Dell\.m2\repository\net\java\dev\jna\jna-platform\4.1.0\jna-platform-4.1.0.jar;C:\Users\Dell\.m2\repository\net\java\dev\jna\jna\4.2.0\jna-4.2.0.jar;C:\Users\Dell\.m2\repository\org\slf4j\slf4j-api\1.7.25\slf4j-api-1.7.25.jar;C:\Users\Dell\.m2\repository\org\slf4j\slf4j-log4j12\1.7.25\slf4j-log4j12-1.7.25.jar;C:\Users\Dell\.m2\repository\log4j\log4j\1.2.17\log4j-1.2.17.jar;C:\Users\Dell\.m2\repository\org\apache\logging\log4j\log4j-api\2.9.1\log4j-api-2.9.1.jar;C:\Users\Dell\.m2\repository\org\apache\logging\log4j\log4j-core\2.9.1\log4j-core-2.9.1.jar;E:\zap\backend\uploads\opal\reportpro\reportpl\projectToRun\Jars\ATUTestRecorder_2.1.jar;C:\Users\Dell\.m2\repository\io\appium\java-client\6.0.0-BETA4\java-client-6.0.0-BETA4.jar;C:\Users\Dell\.m2\repository\cglib\cglib\3.2.6\cglib-3.2.6.jar;C:\Users\Dell\.m2\repository\org\ow2\asm\asm\6.0\asm-6.0.jar;C:\Users\Dell\.m2\repository\org\apache\ant\ant\1.9.6\ant-1.9.6.jar;C:\Users\Dell\.m2\repository\org\apache\ant\ant-launcher\1.9.6\ant-launcher-1.9.6.jar;C:\Users\Dell\.m2\repository\commons-validator\commons-validator\1.6\commons-validator-1.6.jar;C:\Users\Dell\.m2\repository\commons-beanutils\commons-beanutils\1.9.2\commons-beanutils-1.9.2.jar;C:\Users\Dell\.m2\repository\commons-digester\commons-digester\1.8.1\commons-digester-1.8.1.jar;C:\Users\Dell\.m2\repository\commons-collections\commons-collections\3.2.2\commons-collections-3.2.2.jar;C:\Users\Dell\.m2\repository\org\apache\commons\commons-lang3\3.7\commons-lang3-3.7.jar;C:\Users\Dell\.m2\repository\org\springframework\spring-context\5.0.3.RELEASE\spring-context-5.0.3.RELEASE.jar;C:\Users\Dell\.m2\repository\org\springframework\spring-aop\5.0.3.RELEASE\spring-aop-5.0.3.RELEASE.jar;C:\Users\Dell\.m2\repository\org\springframework\spring-beans\5.0.3.RELEASE\spring-beans-5.0.3.RELEASE.jar;C:\Users\Dell\.m2\repository\org\springframework\spring-core\5.0.3.RELEASE\spring-core-5.0.3.RELEASE.jar;C:\Users\Dell\.m2\repository\org\springframework\spring-jcl\5.0.3.RELEASE\spring-jcl-5.0.3.RELEASE.jar;C:\Users\Dell\.m2\repository\org\springframework\spring-expression\5.0.3.RELEASE\spring-expression-5.0.3.RELEASE.jar;C:\Users\Dell\.m2\repository\org\aspectj\aspectjweaver\1.8.13\aspectjweaver-1.8.13.jar;C:\Users\Dell\.m2\repository\org\openpnp\opencv\3.2.0-1\opencv-3.2.0-1.jar;"/>
    <property name="java.vm.vendor" value="Oracle Corporation"/>
    <property name="sun.arch.data.model" value="64"/>
    <property name="user.variant" value=""/>
    <property name="java.vendor.url" value="http://java.oracle.com/"/>
    <property name="user.timezone" value="Asia/Calcutta"/>
    <property name="java.vm.specification.version" value="1.8"/>
    <property name="os.name" value="Windows 10"/>
    <property name="user.country" value="IN"/>
    <property name="sun.java.launcher" value="SUN_STANDARD"/>
    <property name="sun.boot.library.path" value="C:\Program Files\Java\jdk1.8.0_231\jre\bin"/>
    <property name="sun.java.command" value="C:\Users\Dell\AppData\Local\Temp\surefire1547913581877241183\surefirebooter8338709704732217366.jar C:\Users\Dell\AppData\Local\Temp\surefire1547913581877241183 2023-05-24T12-20-13_920-jvmRun1 surefire5363639529344851915tmp surefire_08530337457897495758tmp"/>
    <property name="surefire.test.class.path" value="E:\zap\backend\uploads\opal\reportpro\reportpl\projectToRun\target\test-classes;E:\zap\backend\uploads\opal\reportpro\reportpl\projectToRun\target\classes;C:\Users\Dell\.m2\repository\org\json\json\20180813\json-20180813.jar;C:\Users\Dell\.m2\repository\com\github\javadev\underscore\1.69\underscore-1.69.jar;C:\Users\Dell\.m2\repository\xpp3\xpp3\1.1.4c\xpp3-1.1.4c.jar;C:\Users\Dell\.m2\repository\commons-io\commons-io\2.6\commons-io-2.6.jar;C:\Users\Dell\.m2\repository\org\seleniumhq\selenium\selenium-java\3.11.0\selenium-java-3.11.0.jar;C:\Users\Dell\.m2\repository\org\seleniumhq\selenium\selenium-api\3.11.0\selenium-api-3.11.0.jar;C:\Users\Dell\.m2\repository\org\seleniumhq\selenium\selenium-chrome-driver\3.11.0\selenium-chrome-driver-3.11.0.jar;C:\Users\Dell\.m2\repository\org\seleniumhq\selenium\selenium-edge-driver\3.11.0\selenium-edge-driver-3.11.0.jar;C:\Users\Dell\.m2\repository\org\seleniumhq\selenium\selenium-firefox-driver\3.11.0\selenium-firefox-driver-3.11.0.jar;C:\Users\Dell\.m2\repository\org\seleniumhq\selenium\selenium-ie-driver\3.11.0\selenium-ie-driver-3.11.0.jar;C:\Users\Dell\.m2\repository\org\seleniumhq\selenium\selenium-opera-driver\3.11.0\selenium-opera-driver-3.11.0.jar;C:\Users\Dell\.m2\repository\org\seleniumhq\selenium\selenium-remote-driver\3.11.0\selenium-remote-driver-3.11.0.jar;C:\Users\Dell\.m2\repository\org\seleniumhq\selenium\selenium-safari-driver\3.11.0\selenium-safari-driver-3.11.0.jar;C:\Users\Dell\.m2\repository\org\seleniumhq\selenium\selenium-support\3.11.0\selenium-support-3.11.0.jar;C:\Users\Dell\.m2\repository\net\bytebuddy\byte-buddy\1.7.9\byte-buddy-1.7.9.jar;C:\Users\Dell\.m2\repository\org\apache\commons\commons-exec\1.3\commons-exec-1.3.jar;C:\Users\Dell\.m2\repository\commons-codec\commons-codec\1.10\commons-codec-1.10.jar;C:\Users\Dell\.m2\repository\commons-logging\commons-logging\1.2\commons-logging-1.2.jar;C:\Users\Dell\.m2\repository\com\google\code\gson\gson\2.8.2\gson-2.8.2.jar;C:\Users\Dell\.m2\repository\com\google\guava\guava\23.6-jre\guava-23.6-jre.jar;C:\Users\Dell\.m2\repository\com\google\code\findbugs\jsr305\1.3.9\jsr305-1.3.9.jar;C:\Users\Dell\.m2\repository\org\checkerframework\checker-compat-qual\2.0.0\checker-compat-qual-2.0.0.jar;C:\Users\Dell\.m2\repository\com\google\errorprone\error_prone_annotations\2.1.3\error_prone_annotations-2.1.3.jar;C:\Users\Dell\.m2\repository\com\google\j2objc\j2objc-annotations\1.1\j2objc-annotations-1.1.jar;C:\Users\Dell\.m2\repository\org\codehaus\mojo\animal-sniffer-annotations\1.14\animal-sniffer-annotations-1.14.jar;C:\Users\Dell\.m2\repository\org\apache\httpcomponents\httpclient\4.5.3\httpclient-4.5.3.jar;C:\Users\Dell\.m2\repository\org\apache\httpcomponents\httpcore\4.4.6\httpcore-4.4.6.jar;C:\Users\Dell\.m2\repository\com\squareup\okhttp3\okhttp\3.9.1\okhttp-3.9.1.jar;C:\Users\Dell\.m2\repository\com\squareup\okio\okio\1.13.0\okio-1.13.0.jar;C:\Users\Dell\.m2\repository\org\testng\testng\6.8\testng-6.8.jar;C:\Users\Dell\.m2\repository\junit\junit\4.10\junit-4.10.jar;C:\Users\Dell\.m2\repository\org\hamcrest\hamcrest-core\1.1\hamcrest-core-1.1.jar;C:\Users\Dell\.m2\repository\org\beanshell\bsh\2.0b4\bsh-2.0b4.jar;C:\Users\Dell\.m2\repository\com\beust\jcommander\1.27\jcommander-1.27.jar;C:\Users\Dell\.m2\repository\org\yaml\snakeyaml\1.6\snakeyaml-1.6.jar;C:\Users\Dell\.m2\repository\org\seleniumhq\selenium\selenium-server\3.141.59\selenium-server-3.141.59.jar;C:\Users\Dell\.m2\repository\net\jcip\jcip-annotations\1.0\jcip-annotations-1.0.jar;C:\Users\Dell\.m2\repository\org\seleniumhq\selenium\jetty-repacked\9.4.12.v20180830\jetty-repacked-9.4.12.v20180830.jar;C:\Users\Dell\.m2\repository\javax\servlet\javax.servlet-api\3.1.0\javax.servlet-api-3.1.0.jar;C:\Users\Dell\.m2\repository\org\zaproxy\zap-clientapi\1.11.0\zap-clientapi-1.11.0.jar;C:\Users\Dell\.m2\repository\com\googlecode\json-simple\json-simple\1.1.1\json-simple-1.1.1.jar;C:\Users\Dell\.m2\repository\org\mongodb\mongodb-driver-sync\4.2.3\mongodb-driver-sync-4.2.3.jar;C:\Users\Dell\.m2\repository\org\mongodb\bson\4.2.3\bson-4.2.3.jar;C:\Users\Dell\.m2\repository\org\mongodb\mongodb-driver-core\4.2.3\mongodb-driver-core-4.2.3.jar;C:\Users\Dell\.m2\repository\com\relevantcodes\extentreports\2.41.2\extentreports-2.41.2.jar;C:\Users\Dell\.m2\repository\org\jsoup\jsoup\1.8.3\jsoup-1.8.3.jar;C:\Users\Dell\.m2\repository\org\xerial\sqlite-jdbc\3.8.11.1\sqlite-jdbc-3.8.11.1.jar;C:\Users\Dell\.m2\repository\org\freemarker\freemarker\2.3.23\freemarker-2.3.23.jar;C:\Users\Dell\.m2\repository\org\mongodb\mongodb-driver\3.0.4\mongodb-driver-3.0.4.jar;C:\Users\Dell\.m2\repository\org\jdom\jdom\2.0.2\jdom-2.0.2.jar;C:\Users\Dell\.m2\repository\org\glassfish\jersey\media\jersey-media-moxy\2.22\jersey-media-moxy-2.22.jar;C:\Users\Dell\.m2\repository\org\glassfish\jersey\core\jersey-common\2.22\jersey-common-2.22.jar;C:\Users\Dell\.m2\repository\javax\ws\rs\javax.ws.rs-api\2.0.1\javax.ws.rs-api-2.0.1.jar;C:\Users\Dell\.m2\repository\javax\annotation\javax.annotation-api\1.2\javax.annotation-api-1.2.jar;C:\Users\Dell\.m2\repository\org\glassfish\jersey\bundles\repackaged\jersey-guava\2.22\jersey-guava-2.22.jar;C:\Users\Dell\.m2\repository\org\glassfish\hk2\hk2-api\2.4.0-b31\hk2-api-2.4.0-b31.jar;C:\Users\Dell\.m2\repository\org\glassfish\hk2\hk2-utils\2.4.0-b31\hk2-utils-2.4.0-b31.jar;C:\Users\Dell\.m2\repository\org\glassfish\hk2\external\aopalliance-repackaged\2.4.0-b31\aopalliance-repackaged-2.4.0-b31.jar;C:\Users\Dell\.m2\repository\org\glassfish\hk2\external\javax.inject\2.4.0-b31\javax.inject-2.4.0-b31.jar;C:\Users\Dell\.m2\repository\org\glassfish\hk2\hk2-locator\2.4.0-b31\hk2-locator-2.4.0-b31.jar;C:\Users\Dell\.m2\repository\org\javassist\javassist\3.18.1-GA\javassist-3.18.1-GA.jar;C:\Users\Dell\.m2\repository\org\glassfish\hk2\osgi-resource-locator\1.0.1\osgi-resource-locator-1.0.1.jar;C:\Users\Dell\.m2\repository\org\glassfish\jersey\ext\jersey-entity-filtering\2.22\jersey-entity-filtering-2.22.jar;C:\Users\Dell\.m2\repository\org\eclipse\persistence\org.eclipse.persistence.moxy\2.6.0\org.eclipse.persistence.moxy-2.6.0.jar;C:\Users\Dell\.m2\repository\org\eclipse\persistence\org.eclipse.persistence.core\2.6.0\org.eclipse.persistence.core-2.6.0.jar;C:\Users\Dell\.m2\repository\org\eclipse\persistence\org.eclipse.persistence.asm\2.6.0\org.eclipse.persistence.asm-2.6.0.jar;C:\Users\Dell\.m2\repository\javax\validation\validation-api\1.1.0.Final\validation-api-1.1.0.Final.jar;C:\Users\Dell\.m2\repository\org\glassfish\javax.json\1.0.4\javax.json-1.0.4.jar;C:\Users\Dell\.m2\repository\org\apache\poi\poi-ooxml\3.9\poi-ooxml-3.9.jar;C:\Users\Dell\.m2\repository\org\apache\poi\poi\3.9\poi-3.9.jar;C:\Users\Dell\.m2\repository\org\apache\poi\poi-ooxml-schemas\3.9\poi-ooxml-schemas-3.9.jar;C:\Users\Dell\.m2\repository\org\apache\xmlbeans\xmlbeans\2.3.0\xmlbeans-2.3.0.jar;C:\Users\Dell\.m2\repository\stax\stax-api\1.0.1\stax-api-1.0.1.jar;C:\Users\Dell\.m2\repository\dom4j\dom4j\1.6.1\dom4j-1.6.1.jar;C:\Users\Dell\.m2\repository\xml-apis\xml-apis\1.0.b2\xml-apis-1.0.b2.jar;C:\Users\Dell\.m2\repository\uk\co\caprica\vlcj\3.10.1\vlcj-3.10.1.jar;C:\Users\Dell\.m2\repository\net\java\dev\jna\jna-platform\4.1.0\jna-platform-4.1.0.jar;C:\Users\Dell\.m2\repository\net\java\dev\jna\jna\4.2.0\jna-4.2.0.jar;C:\Users\Dell\.m2\repository\org\slf4j\slf4j-api\1.7.25\slf4j-api-1.7.25.jar;C:\Users\Dell\.m2\repository\org\slf4j\slf4j-log4j12\1.7.25\slf4j-log4j12-1.7.25.jar;C:\Users\Dell\.m2\repository\log4j\log4j\1.2.17\log4j-1.2.17.jar;C:\Users\Dell\.m2\repository\org\apache\logging\log4j\log4j-api\2.9.1\log4j-api-2.9.1.jar;C:\Users\Dell\.m2\repository\org\apache\logging\log4j\log4j-core\2.9.1\log4j-core-2.9.1.jar;E:\zap\backend\uploads\opal\reportpro\reportpl\projectToRun\Jars\ATUTestRecorder_2.1.jar;C:\Users\Dell\.m2\repository\io\appium\java-client\6.0.0-BETA4\java-client-6.0.0-BETA4.jar;C:\Users\Dell\.m2\repository\cglib\cglib\3.2.6\cglib-3.2.6.jar;C:\Users\Dell\.m2\repository\org\ow2\asm\asm\6.0\asm-6.0.jar;C:\Users\Dell\.m2\repository\org\apache\ant\ant\1.9.6\ant-1.9.6.jar;C:\Users\Dell\.m2\repository\org\apache\ant\ant-launcher\1.9.6\ant-launcher-1.9.6.jar;C:\Users\Dell\.m2\repository\commons-validator\commons-validator\1.6\commons-validator-1.6.jar;C:\Users\Dell\.m2\repository\commons-beanutils\commons-beanutils\1.9.2\commons-beanutils-1.9.2.jar;C:\Users\Dell\.m2\repository\commons-digester\commons-digester\1.8.1\commons-digester-1.8.1.jar;C:\Users\Dell\.m2\repository\commons-collections\commons-collections\3.2.2\commons-collections-3.2.2.jar;C:\Users\Dell\.m2\repository\org\apache\commons\commons-lang3\3.7\commons-lang3-3.7.jar;C:\Users\Dell\.m2\repository\org\springframework\spring-context\5.0.3.RELEASE\spring-context-5.0.3.RELEASE.jar;C:\Users\Dell\.m2\repository\org\springframework\spring-aop\5.0.3.RELEASE\spring-aop-5.0.3.RELEASE.jar;C:\Users\Dell\.m2\repository\org\springframework\spring-beans\5.0.3.RELEASE\spring-beans-5.0.3.RELEASE.jar;C:\Users\Dell\.m2\repository\org\springframework\spring-core\5.0.3.RELEASE\spring-core-5.0.3.RELEASE.jar;C:\Users\Dell\.m2\repository\org\springframework\spring-jcl\5.0.3.RELEASE\spring-jcl-5.0.3.RELEASE.jar;C:\Users\Dell\.m2\repository\org\springframework\spring-expression\5.0.3.RELEASE\spring-expression-5.0.3.RELEASE.jar;C:\Users\Dell\.m2\repository\org\aspectj\aspectjweaver\1.8.13\aspectjweaver-1.8.13.jar;C:\Users\Dell\.m2\repository\org\openpnp\opencv\3.2.0-1\opencv-3.2.0-1.jar;"/>
    <property name="sun.cpu.endian" value="little"/>
    <property name="user.home" value="C:\Users\Dell"/>
    <property name="user.language" value="en"/>
    <property name="java.specification.vendor" value="Oracle Corporation"/>
    <property name="java.home" value="C:\Program Files\Java\jdk1.8.0_231\jre"/>
    <property name="basedir" value="E:\zap\backend\uploads\opal\reportpro\reportpl\projectToRun"/>
    <property name="file.separator" value="\"/>
    <property name="line.separator" value="&#10;"/>
    <property name="java.vm.specification.vendor" value="Oracle Corporation"/>
    <property name="java.specification.name" value="Java Platform API Specification"/>
    <property name="java.awt.graphicsenv" value="sun.awt.Win32GraphicsEnvironment"/>
    <property name="surefire.real.class.path" value="C:\Users\Dell\AppData\Local\Temp\surefire1547913581877241183\surefirebooter8338709704732217366.jar"/>
    <property name="sun.boot.class.path" value="C:\Program Files\Java\jdk1.8.0_231\jre\lib\resources.jar;C:\Program Files\Java\jdk1.8.0_231\jre\lib\rt.jar;C:\Program Files\Java\jdk1.8.0_231\jre\lib\sunrsasign.jar;C:\Program Files\Java\jdk1.8.0_231\jre\lib\jsse.jar;C:\Program Files\Java\jdk1.8.0_231\jre\lib\jce.jar;C:\Program Files\Java\jdk1.8.0_231\jre\lib\charsets.jar;C:\Program Files\Java\jdk1.8.0_231\jre\lib\jfr.jar;C:\Program Files\Java\jdk1.8.0_231\jre\classes"/>
    <property name="user.script" value=""/>
    <property name="sun.management.compiler" value="HotSpot 64-Bit Tiered Compilers"/>
    <property name="java.runtime.version" value="1.8.0_231-b11"/>
    <property name="user.name" value="Dell"/>
    <property name="path.separator" value=";"/>
    <property name="os.version" value="10.0"/>
    <property name="java.endorsed.dirs" value="C:\Program Files\Java\jdk1.8.0_231\jre\lib\endorsed"/>
    <property name="java.runtime.name" value="Java(TM) SE Runtime Environment"/>
    <property name="file.encoding" value="Cp1252"/>
    <property name="java.vm.name" value="Java HotSpot(TM) 64-Bit Server VM"/>
    <property name="localRepository" value="C:\Users\Dell\.m2\repository"/>
    <property name="java.vendor.url.bug" value="http://bugreport.sun.com/bugreport/"/>
    <property name="java.io.tmpdir" value="C:\Users\Dell\AppData\Local\Temp\"/>
    <property name="java.version" value="1.8.0_231"/>
    <property name="user.dir" value="E:\zap\backend\uploads\opal\reportpro\reportpl\projectToRun"/>
    <property name="os.arch" value="amd64"/>
    <property name="java.vm.specification.name" value="Java Virtual Machine Specification"/>
    <property name="java.awt.printerjob" value="sun.awt.windows.WPrinterJob"/>
    <property name="sun.os.patch.level" value=""/>
    <property name="java.library.path" value="C:\Program Files\Java\jdk1.8.0_231\jre\bin;C:\Windows\Sun\Java\bin;C:\Windows\system32;C:\Windows;C:\Program Files (x86)\Common Files\Oracle\Java\javapath;C:\Windows\system32;C:\Windows;C:\Windows\System32\Wbem;C:\Windows\System32\WindowsPowerShell\v1.0\;C:\Windows\System32\OpenSSH\;C:\Program Files\Java\jdk1.8.0_231\bin;C:\Users\Dell\Desktop\android-sdk\platform-tools;C:\Users\Dell\Desktop\android-sdk\build-tools\33.0.0;C:\Users\Dell\Desktop\apache-maven-3.8.6\bin;C:\Program Files\Git\cmd;%NVM_HOME%;%NVM_SYMLINK%;C:\Program Files\Docker\Docker\resources\bin;C:\Users\Dell\AppData\Local\Microsoft\WindowsApps;C:\Users\Dell\AppData\Local\Programs\Microsoft VS Code\bin;C:\Program Files\Docker Toolbox;C:\Users\Dell\AppData\Roaming\npm;C:\Users\Dell\AppData\Local\GitHubDesktop\bin;C:\Users\Dell\AppData\Roaming\nvm;C:\Program Files\nodejs;."/>
    <property name="java.vm.info" value="mixed mode"/>
    <property name="java.vendor" value="Oracle Corporation"/>
    <property name="java.vm.version" value="25.231-b11"/>
    <property name="java.ext.dirs" value="C:\Program Files\Java\jdk1.8.0_231\jre\lib\ext;C:\Windows\Sun\Java\lib\ext"/>
    <property name="sun.io.unicode.encoding" value="UnicodeLittle"/>
    <property name="java.class.version" value="52.0"/>
  </properties>
  <testcase name="step_0" classname="mID638.fID677.sID880" time="1.634">
    <failure type="java.lang.NullPointerException">java.lang.NullPointerException
	at mID638.fID677.sID880.step_0(sID880.java:69)
</failure>
    <system-out><![CDATA[./src/test/java/mID638/fID677/
./src/test/java/mID638/fID677/
./src/test/java/mID638/fID677/
./src/test/java/mID638/fID677/
false
false
File is Main
path is E:\zap\backend\uploads\opal\reportpro\reportpl\projectToRun\.\Screenshot\EachStepScreenshot\100_Suite1\sID880
File is Main
path1 is E:\zap\backend\uploads\opal\reportpro\reportpl\projectToRun\.\Screenshot\FailedScreenshot\100_Suite1\sID880
./src/test/java/mID638/fID677/
./src/test/java/mID638/fID677/
./src/test/java/mID638/fID677/
./src/test/java/mID638/fID677/
./src/test/java/mID638/fID677/
./src/test/java/mID638/fID677/
./src/test/java/mID638/fID677/
org.zaproxy.clientapi.core.ClientApi@1a8a8f7c
///////////////////////////////////////////Proxy///////////////////////////////////////////////////////
Launching Google browser
Before setProxyProxy(manual, http=http://192.168.99.254:8080, ssl=http://192.168.99.254:8080)
Before setProxy
Capabilities {acceptInsecureCerts: true, browser: Chrome, browserName: chrome, browser_version: 93.0.4577.63, goog:chromeOptions: {args: [--no-sandbox, --disable-dev-shm-usage], extensions: []}, proxy: Proxy(manual, http=http://1...}
Before RemoteWebDriver
]]></system-out>
  </testcase>
  <testcase name="step_1" classname="mID638.fID677.sID880" time="0.002">
    <failure type="java.lang.NullPointerException">java.lang.NullPointerException
	at mID638.fID677.sID880.step_1(sID880.java:102)
</failure>
  </testcase>
  <testcase name="step_2" classname="mID638.fID677.sID880" time="0.17">
    <failure type="java.lang.NullPointerException">java.lang.NullPointerException
	at mID638.fID677.sID880.step_2(sID880.java:137)
</failure>
    <system-out><![CDATA[///////////////////////////starting passive scan//////////////////////////
]]></system-out>
    <system-err><![CDATA[org.zaproxy.clientapi.core.ClientApiException: java.net.SocketException: Unexpected end of file from server
	at org.zaproxy.clientapi.core.ClientApi.callApiDom(ClientApi.java:385)
	at org.zaproxy.clientapi.core.ClientApi.callApi(ClientApi.java:369)
	at org.zaproxy.clientapi.gen.Pscan.recordsToScan(Pscan.java:48)
	at reuseablePackage.feature.AllActions.passiveScan(AllActions.java:305)
	at mID638.fID677.sID880.step_2(sID880.java:121)
	at sun.reflect.NativeMethodAccessorImpl.invoke0(Native Method)
	at sun.reflect.NativeMethodAccessorImpl.invoke(NativeMethodAccessorImpl.java:62)
	at sun.reflect.DelegatingMethodAccessorImpl.invoke(DelegatingMethodAccessorImpl.java:43)
	at java.lang.reflect.Method.invoke(Method.java:498)
	at org.testng.internal.MethodInvocationHelper.invokeMethod(MethodInvocationHelper.java:80)
	at org.testng.internal.Invoker.invokeMethod(Invoker.java:714)
	at org.testng.internal.Invoker.invokeTestMethod(Invoker.java:901)
	at org.testng.internal.Invoker.invokeTestMethods(Invoker.java:1231)
	at org.testng.internal.TestMethodWorker.invokeTestMethods(TestMethodWorker.java:127)
	at org.testng.internal.TestMethodWorker.run(TestMethodWorker.java:111)
	at org.testng.TestRunner.privateRun(TestRunner.java:767)
	at org.testng.TestRunner.run(TestRunner.java:617)
	at org.testng.SuiteRunner.runTest(SuiteRunner.java:334)
	at org.testng.SuiteRunner.runSequentially(SuiteRunner.java:329)
	at org.testng.SuiteRunner.privateRun(SuiteRunner.java:291)
	at org.testng.SuiteRunner.run(SuiteRunner.java:240)
	at org.testng.SuiteRunnerWorker.runSuite(SuiteRunnerWorker.java:52)
	at org.testng.SuiteRunnerWorker.run(SuiteRunnerWorker.java:86)
	at org.testng.TestNG.runSuitesSequentially(TestNG.java:1198)
	at org.testng.TestNG.runSuitesLocally(TestNG.java:1123)
	at org.testng.TestNG.run(TestNG.java:1031)
	at org.apache.maven.surefire.testng.TestNGExecutor.run(TestNGExecutor.java:283)
	at org.apache.maven.surefire.testng.TestNGXmlTestSuite.execute(TestNGXmlTestSuite.java:75)
	at org.apache.maven.surefire.testng.TestNGProvider.invoke(TestNGProvider.java:120)
	at org.apache.maven.surefire.booter.ForkedBooter.invokeProviderInSameClassLoader(ForkedBooter.java:384)
	at org.apache.maven.surefire.booter.ForkedBooter.runSuitesInProcess(ForkedBooter.java:345)
	at org.apache.maven.surefire.booter.ForkedBooter.execute(ForkedBooter.java:126)
	at org.apache.maven.surefire.booter.ForkedBooter.main(ForkedBooter.java:418)
Caused by: java.net.SocketException: Unexpected end of file from server
	at sun.net.www.http.HttpClient.parseHTTPHeader(HttpClient.java:851)
	at sun.net.www.http.HttpClient.parseHTTP(HttpClient.java:678)
	at sun.net.www.http.HttpClient.parseHTTPHeader(HttpClient.java:848)
	at sun.net.www.http.HttpClient.parseHTTP(HttpClient.java:678)
	at sun.net.www.protocol.http.HttpURLConnection.getInputStream0(HttpURLConnection.java:1593)
	at sun.net.www.protocol.http.HttpURLConnection.getInputStream(HttpURLConnection.java:1498)
	at java.net.HttpURLConnection.getResponseCode(HttpURLConnection.java:480)
	at org.zaproxy.clientapi.core.ClientApi.getConnectionInputStream(ClientApi.java:418)
	at org.zaproxy.clientapi.core.ClientApi.callApiDom(ClientApi.java:383)
	... 32 more
]]></system-err>
  </testcase>
  <testcase name="step_3" classname="mID638.fID677.sID880" time="0">
    <failure type="java.lang.NullPointerException">java.lang.NullPointerException
	at mID638.fID677.sID880.step_3(sID880.java:177)
</failure>
  </testcase>
</testsuite>